build/outputs/apk/manifest-merger-debug-report.txt
-- Merging decision tree log ---
manifest
ADDED from AndroidManifest.xml:17:1
	package
		ADDED from AndroidManifest.xml:18:5
	android:versionName
		ADDED from AndroidManifest.xml:18:71
		INJECTED from AndroidManifest.xml:0:0
		INJECTED from AndroidManifest.xml:0:0
	android:versionCode
		ADDED from AndroidManifest.xml:18:47
		INJECTED from AndroidManifest.xml:0:0
		INJECTED from AndroidManifest.xml:0:0
	xmlns:android
		ADDED from AndroidManifest.xml:17:11
uses-permission#android.permission.INTERNET
ADDED from AndroidManifest.xml:23:5
MERGED from gcm-client:userFeedbackSDK:unspecified:11:5
	android:name
		ADDED from AndroidManifest.xml:23:22
uses-permission#android.permission.GET_ACCOUNTS
ADDED from AndroidManifest.xml:26:5
	android:name
		ADDED from AndroidManifest.xml:26:22
uses-permission#android.permission.WAKE_LOCK
ADDED from AndroidManifest.xml:29:5
	android:name
		ADDED from AndroidManifest.xml:29:22
permission#com.google.android.gcm.demo.app.permission.C2D_MESSAGE
ADDED from AndroidManifest.xml:37:5
	android:protectionLevel
		ADDED from AndroidManifest.xml:38:9
	android:name
		ADDED from AndroidManifest.xml:37:17
uses-permission#com.google.android.gcm.demo.app.permission.C2D_MESSAGE
ADDED from AndroidManifest.xml:39:5
	android:name
		ADDED from AndroidManifest.xml:39:22
uses-permission#com.google.android.c2dm.permission.RECEIVE
ADDED from AndroidManifest.xml:42:5
	android:name
		ADDED from AndroidManifest.xml:43:9
application
ADDED from AndroidManifest.xml:46:5
MERGED from com.android.support:appcompat-v7:21.0.3:16:5
MERGED from com.android.support:support-v4:21.0.3:16:5
MERGED from com.google.android.gms:play-services:6.5.87:20:5
MERGED from com.android.support:support-v4:21.0.3:16:5
MERGED from gcm-client:userFeedbackSDK:unspecified:14:5
	android:label
		ADDED from AndroidManifest.xml:48:9
	android:icon
		ADDED from AndroidManifest.xml:47:9
	android:allowBackup
		ADDED from gcm-client:userFeedbackSDK:unspecified:15:9
meta-data#com.google.android.gms.version
ADDED from AndroidManifest.xml:50:9
MERGED from com.google.android.gms:play-services:6.5.87:21:9
	android:value
		ADDED from AndroidManifest.xml:50:66
	android:name
		ADDED from AndroidManifest.xml:50:20
activity#com.google.android.gcm.demo.app.DemoActivity
ADDED from AndroidManifest.xml:52:9
	android:label
		ADDED from AndroidManifest.xml:54:13
	android:launchMode
		ADDED from AndroidManifest.xml:56:17
	android:configChanges
		ADDED from AndroidManifest.xml:55:13
	android:name
		ADDED from AndroidManifest.xml:53:13
intent-filter#android.intent.action.MAIN+android.intent.category.LAUNCHER
ADDED from AndroidManifest.xml:57:13
action#android.intent.action.MAIN
ADDED from AndroidManifest.xml:58:17
	android:name
		ADDED from AndroidManifest.xml:58:25
category#android.intent.category.LAUNCHER
ADDED from AndroidManifest.xml:60:17
	android:name
		ADDED from AndroidManifest.xml:60:27
receiver#com.google.android.gcm.demo.app.GcmBroadcastReceiver
ADDED from AndroidManifest.xml:71:9
	android:permission
		ADDED from AndroidManifest.xml:73:13
	android:name
		ADDED from AndroidManifest.xml:72:13
intent-filter#com.google.android.c2dm.intent.RECEIVE+com.google.android.gcm.demo.app
ADDED from AndroidManifest.xml:74:13
action#com.google.android.c2dm.intent.RECEIVE
ADDED from AndroidManifest.xml:76:17
	android:name
		ADDED from AndroidManifest.xml:76:25
category#com.google.android.gcm.demo.app
ADDED from AndroidManifest.xml:77:17
	android:name
		ADDED from AndroidManifest.xml:77:27
service#com.google.android.gcm.demo.app.GcmIntentService
ADDED from AndroidManifest.xml:80:9
	android:name
		ADDED from AndroidManifest.xml:80:18
uses-sdk
INJECTED from AndroidManifest.xml:0:0 reason: use-sdk injection requested
MERGED from com.android.support:appcompat-v7:21.0.3:15:5
MERGED from com.android.support:support-v4:21.0.3:15:5
MERGED from com.google.android.gms:play-services:6.5.87:18:5
MERGED from com.android.support:support-v4:21.0.3:15:5
MERGED from gcm-client:userFeedbackSDK:unspecified:7:5
	android:targetSdkVersion
		INJECTED from AndroidManifest.xml:0:0
		INJECTED from AndroidManifest.xml:0:0
	android:minSdkVersion
		INJECTED from AndroidManifest.xml:0:0
		INJECTED from AndroidManifest.xml:0:0
uses-permission#android.permission.ACCESS_NETWORK_STATE
ADDED from gcm-client:userFeedbackSDK:unspecified:12:5
	android:name
		ADDED from gcm-client:userFeedbackSDK:unspecified:12:22
activity#com.asus.feedbacksdk.activity.UserVoiceActivity
ADDED from gcm-client:userFeedbackSDK:unspecified:17:9
	android:label
		ADDED from gcm-client:userFeedbackSDK:unspecified:19:13
	android:windowSoftInputMode
		ADDED from gcm-client:userFeedbackSDK:unspecified:20:13
	android:name
		ADDED from gcm-client:userFeedbackSDK:unspecified:18:13
meta-data#android.app.searchable
ADDED from gcm-client:userFeedbackSDK:unspecified:21:13
	android:resource
		ADDED from gcm-client:userFeedbackSDK:unspecified:23:17
	android:name
		ADDED from gcm-client:userFeedbackSDK:unspecified:22:17
intent-filter#android.intent.action.SEARCH
ADDED from gcm-client:userFeedbackSDK:unspecified:25:13
action#android.intent.action.SEARCH
ADDED from gcm-client:userFeedbackSDK:unspecified:26:17
	android:name
		ADDED from gcm-client:userFeedbackSDK:unspecified:26:25